<?xml version="1.0" encoding="utf-8"?><testsuites name="pytest tests"><testsuite name="pytest" errors="0" failures="0" skipped="0" tests="6" time="1.848" timestamp="2026-07-09T20:21:22.388442+00:00" hostname="agent-env-d8e1de24-d0be-4d5a-a0b4-a1ea3610a381"><testcase classname="backend.tests.test_account_deletion.TestDeleteAuthNegative" name="test_delete_without_auth_returns_401" time="0.180" /><testcase classname="backend.tests.test_account_deletion.TestDeleteAuthNegative" name="test_delete_with_bogus_token_returns_401" time="0.054" /><testcase classname="backend.tests.test_account_deletion.TestDeleteGuestAccount" name="test_delete_guest_returns_ok_true" time="0.177" /><testcase classname="backend.tests.test_account_deletion.TestDeleteEmailVerifiedAccount" name="test_delete_normal_email_user" time="1.052" /><testcase classname="backend.tests.test_account_deletion.TestDeleteReviewBypassAccount" name="test_delete_bypass_user_removes_review_subscription" time="0.173" /><testcase classname="backend.tests.test_account_deletion.TestDeleteReviewBypassAccount" name="test_bypass_login_still_works_after_deletion" time="0.109" /></testsuite></testsuites>