<?xml version="1.0" encoding="utf-8"?><testsuites name="pytest tests"><testsuite name="pytest" errors="0" failures="0" skipped="0" tests="8" time="4.170" timestamp="2026-06-29T23:51:32.317225+00:00" hostname="agent-env-d8e1de24-d0be-4d5a-a0b4-a1ea3610a381"><testcase classname="backend.tests.test_anatomy_backend.TestAnatomyModel" name="test_anatomy_model_returns_200" time="0.289" /><testcase classname="backend.tests.test_anatomy_backend.TestAnatomyModel" name="test_anatomy_model_content_type_glb" time="0.137" /><testcase classname="backend.tests.test_anatomy_backend.TestAnatomyModel" name="test_anatomy_model_glb_magic_and_size" time="0.191" /><testcase classname="backend.tests.test_anatomy_backend.TestAnatomyBadPath" name="test_unknown_anatomy_path" time="0.133" /><testcase classname="backend.tests.test_anatomy_backend.TestCoachAsk" name="test_coach_ask_status_200" time="0.092" /><testcase classname="backend.tests.test_anatomy_backend.TestCoachAsk" name="test_coach_ask_content_type_event_stream" time="0.114" /><testcase classname="backend.tests.test_anatomy_backend.TestCoachAsk" name="test_coach_ask_emits_data_line" time="3.068" /><testcase classname="backend.tests.test_anatomy_backend.TestCoachAsk" name="test_coach_ask_validation_missing_message" time="0.130" /></testsuite></testsuites>