<?xml version="1.0" encoding="utf-8"?><testsuites name="pytest tests"><testsuite name="pytest" errors="0" failures="0" skipped="0" tests="12" time="90.588" timestamp="2026-07-09T20:21:30.306562+00:00" hostname="agent-env-d8e1de24-d0be-4d5a-a0b4-a1ea3610a381"><testcase classname="backend.tests.test_guest_and_bypass.TestGuestMode" name="test_guest_session_creates_session_and_is_guest" time="0.224" /><testcase classname="backend.tests.test_guest_and_bypass.TestGuestMode" name="test_guest_me_returns_is_guest_true_and_not_premium" time="0.061" /><testcase classname="backend.tests.test_guest_and_bypass.TestEmailMagic" name="test_request_returns_200_with_dev_code_or_sent" time="0.241" /><testcase classname="backend.tests.test_guest_and_bypass.TestEmailMagic" name="test_verify_correct_code_returns_session" time="0.164" /><testcase classname="backend.tests.test_guest_and_bypass.TestAppleReviewBypass" name="test_bypass_positive_grants_premium" time="0.096" /><testcase classname="backend.tests.test_guest_and_bypass.TestAppleReviewBypass" name="test_bypass_negative_wrong_code_returns_401" time="0.043" /><testcase classname="backend.tests.test_guest_and_bypass.TestAppleReviewBypass" name="test_bypass_negative_wrong_email_same_code_returns_401" time="0.046" /><testcase classname="backend.tests.test_guest_and_bypass.TestCoachAsk" name="test_coach_ask_without_auth_returns_401" time="0.052" /><testcase classname="backend.tests.test_guest_and_bypass.TestCoachAsk" name="test_coach_ask_with_guest_returns_200_with_message" time="4.630" /><testcase classname="backend.tests.test_guest_and_bypass.TestCoachAsk" name="test_coach_ask_rate_limit_eventually_gates" time="84.629" /><testcase classname="backend.tests.test_guest_and_bypass.TestRevenueCat" name="test_sync_without_auth_returns_401" time="0.047" /><testcase classname="backend.tests.test_guest_and_bypass.TestRevenueCat" name="test_sync_with_auth_returns_200_and_persists" time="0.310" /></testsuite></testsuites>