<?xml version="1.0" encoding="utf-8"?><testsuites name="pytest tests"><testsuite name="pytest" errors="0" failures="0" skipped="0" tests="19" time="11.578" timestamp="2026-06-28T17:43:51.611335+00:00" hostname="agent-env-e85e4137-9eae-4ea6-84ee-bc4258653816"><testcase classname="test_apex_backend" name="test_root" time="0.192" /><testcase classname="test_apex_backend.TestAuth" name="test_demo_login" time="0.050" /><testcase classname="test_apex_backend.TestAuth" name="test_email_login_creates_then_returns_existing" time="0.088" /><testcase classname="test_apex_backend.TestAuth" name="test_email_login_invalid_email" time="0.043" /><testcase classname="test_apex_backend.TestAuth" name="test_me_requires_bearer" time="0.043" /><testcase classname="test_apex_backend.TestAuth" name="test_me_returns_user" time="0.093" /><testcase classname="test_apex_backend.TestExercises" name="test_list_returns_25" time="0.044" /><testcase classname="test_apex_backend.TestExercises" name="test_get_single" time="0.046" /><testcase classname="test_apex_backend.TestExercises" name="test_get_missing_404" time="0.043" /><testcase classname="test_apex_backend.TestOnboardingPlan" name="test_onboarding_and_active_plan" time="0.134" /><testcase classname="test_apex_backend.TestWorkoutFlow" name="test_today_then_start_log_complete" time="0.278" /><testcase classname="test_apex_backend.TestWorkoutFlow" name="test_log_set_invalid_workout" time="0.043" /><testcase classname="test_apex_backend.TestProgress" name="test_summary" time="0.045" /><testcase classname="test_apex_backend.TestCoach" name="test_chat_streams" time="2.306" /><testcase classname="test_apex_backend.TestCoach" name="test_today_insight" time="2.155" /><testcase classname="test_apex_backend.TestCoach" name="test_weekly_report" time="5.534" /><testcase classname="test_apex_backend.TestBilling" name="test_subscription_initial_none" time="0.045" /><testcase classname="test_apex_backend.TestBilling" name="test_create_checkout_fails_with_placeholder_key" time="0.266" /><testcase classname="test_apex_backend.TestBilling" name="test_dev_mark_premium" time="0.093" /></testsuite></testsuites>