<?xml version="1.0" encoding="utf-8"?><testsuites name="pytest tests"><testsuite name="pytest" errors="0" failures="0" skipped="0" tests="15" time="4.344" timestamp="2026-07-07T13:19:30.001072+00:00" hostname="agent-env-d8e1de24-d0be-4d5a-a0b4-a1ea3610a381"><testcase classname="tests.test_auth_flow.TestEmailRequest" name="test_request_dev_mode_returns_code" time="0.286" /><testcase classname="tests.test_auth_flow.TestEmailRequest" name="test_request_invalid_email_400" time="0.165" /><testcase classname="tests.test_auth_flow.TestEmailRequest" name="test_request_empty_email_400" time="0.154" /><testcase classname="tests.test_auth_flow.TestEmailVerify" name="test_verify_returns_session_and_user" time="0.286" /><testcase classname="tests.test_auth_flow.TestEmailVerify" name="test_verify_wrong_code_401" time="0.233" /><testcase classname="tests.test_auth_flow.TestEmailVerify" name="test_verify_reused_code_401" time="0.451" /><testcase classname="tests.test_auth_flow.TestAuthMe" name="test_me_with_valid_token" time="0.317" /><testcase classname="tests.test_auth_flow.TestAuthMe" name="test_me_no_token_401" time="0.093" /><testcase classname="tests.test_auth_flow.TestAuthMe" name="test_me_bad_token_401" time="0.103" /><testcase classname="tests.test_auth_flow.TestMagicLinkHtml" name="test_magic_link_first_open_html_signed_in" time="0.444" /><testcase classname="tests.test_auth_flow.TestRevenueCatSync" name="test_sync_premium_true_updates_me" time="0.395" /><testcase classname="tests.test_auth_flow.TestRevenueCatSync" name="test_sync_premium_false_updates_me" time="0.304" /><testcase classname="tests.test_auth_flow.TestRevenueCatSync" name="test_sync_no_auth_401" time="0.105" /><testcase classname="tests.test_auth_flow.TestAccountLinking" name="test_same_email_returns_same_user_id" time="0.392" /><testcase classname="tests.test_auth_flow.TestLogout" name="test_logout_invalidates_token" time="0.503" /></testsuite></testsuites>