<?xml version="1.0" encoding="utf-8"?><testsuites name="pytest tests"><testsuite name="pytest" errors="0" failures="0" skipped="0" tests="4" time="2.420" timestamp="2026-06-29T23:22:02.327707+00:00" hostname="agent-env-d8e1de24-d0be-4d5a-a0b4-a1ea3610a381"><testcase classname="tests.test_anatomy_backend.TestAnatomyModel" name="test_anatomy_model_returns_200" time="1.918" /><testcase classname="tests.test_anatomy_backend.TestAnatomyModel" name="test_anatomy_model_content_type_glb" time="0.090" /><testcase classname="tests.test_anatomy_backend.TestAnatomyModel" name="test_anatomy_model_glb_magic_and_size" time="0.255" /><testcase classname="tests.test_anatomy_backend.TestAnatomyBadPath" name="test_unknown_anatomy_path" time="0.141" /></testsuite></testsuites>