<?xml version="1.0" encoding="utf-8"?><testsuites name="pytest tests"><testsuite name="pytest" errors="0" failures="0" skipped="0" tests="14" time="5.452" timestamp="2026-06-29T12:51:23.243805+00:00" hostname="agent-env-e85e4137-9eae-4ea6-84ee-bc4258653816"><testcase classname="test_body_intelligence.TestAuth" name="test_intelligence_requires_auth" time="0.188" /><testcase classname="test_body_intelligence.TestAuth" name="test_trend_requires_auth" time="0.051" /><testcase classname="test_body_intelligence.TestAuth" name="test_muscle_detail_requires_auth" time="0.045" /><testcase classname="test_body_intelligence.TestAuth" name="test_focus_workout_requires_auth" time="0.047" /><testcase classname="test_body_intelligence.TestIntelligence" name="test_shape_fresh_user" time="0.149" /><testcase classname="test_body_intelligence.TestIntelligence" name="test_fresh_user_all_red" time="0.138" /><testcase classname="test_body_intelligence.TestIntelligence" name="test_fresh_user_balance_penalty" time="0.138" /><testcase classname="test_body_intelligence.TestTrend" name="test_returns_8_weeks" time="0.050" /><testcase classname="test_body_intelligence.TestMuscleDetail" name="test_each_group_returns_detail" time="0.434" /><testcase classname="test_body_intelligence.TestMuscleDetail" name="test_unknown_muscle_404" time="0.053" /><testcase classname="test_body_intelligence.TestFocusWorkout" name="test_creates_workout_for_lagging" time="0.396" /><testcase classname="test_body_intelligence.TestActivationFromWorkouts" name="test_bench_press_raises_chest_activation" time="0.465" /><testcase classname="test_body_intelligence.TestClassificationRules" name="test_status_thresholds_via_response" time="0.517" /><testcase classname="test_body_intelligence.TestCarryoverFixes" name="test_today_insight_no_500_on_duplicate" time="2.739" /></testsuite></testsuites>