<?xml version="1.0" encoding="utf-8"?><testsuites name="pytest tests"><testsuite name="pytest" errors="0" failures="0" skipped="0" tests="28" time="77.722" timestamp="2026-06-29T12:28:39.854457+00:00" hostname="agent-env-e85e4137-9eae-4ea6-84ee-bc4258653816"><testcase classname="test_apex_backend" name="test_root" time="0.231" /><testcase classname="test_apex_backend.TestAuth" name="test_demo_login" time="0.048" /><testcase classname="test_apex_backend.TestAuth" name="test_email_login_creates_then_returns_existing" time="0.081" /><testcase classname="test_apex_backend.TestAuth" name="test_email_login_invalid_email" time="0.079" /><testcase classname="test_apex_backend.TestAuth" name="test_me_requires_bearer" time="0.038" /><testcase classname="test_apex_backend.TestAuth" name="test_me_returns_user_with_premium_fields" time="0.144" /><testcase classname="test_apex_backend.TestExercises" name="test_list_returns_25" time="0.037" /><testcase classname="test_apex_backend.TestExercises" name="test_get_single" time="0.039" /><testcase classname="test_apex_backend.TestExercises" name="test_get_missing_404" time="0.077" /><testcase classname="test_apex_backend.TestOnboardingPlan" name="test_onboarding_and_active_plan" time="0.131" /><testcase classname="test_apex_backend.TestWeeklyPlan" name="test_week_requires_auth" time="0.077" /><testcase classname="test_apex_backend.TestWeeklyPlan" name="test_week_returns_7_days_with_status" time="0.038" /><testcase classname="test_apex_backend.TestWorkoutFlow" name="test_today_then_start_log_complete" time="0.239" /><testcase classname="test_apex_backend.TestProgress" name="test_summary" time="0.041" /><testcase classname="test_apex_backend.TestCoach" name="test_chat_streams_delta_and_done" time="5.726" /><testcase classname="test_apex_backend.TestCoach" name="test_chat_memory_across_turns" time="9.160" /><testcase classname="test_apex_backend.TestCoach" name="test_chat_gated_for_free_user_after_5" time="21.036" /><testcase classname="test_apex_backend.TestCoach" name="test_today_insight" time="2.711" /><testcase classname="test_apex_backend.TestCoach" name="test_weekly_report" time="7.128" /><testcase classname="test_apex_backend.TestBilling" name="test_subscription_initial_none" time="0.118" /><testcase classname="test_apex_backend.TestBilling" name="test_create_checkout_with_interval_month" time="0.257" /><testcase classname="test_apex_backend.TestBilling" name="test_create_checkout_with_interval_year" time="0.114" /><testcase classname="test_apex_backend.TestBilling" name="test_dev_mark_premium_month" time="0.118" /><testcase classname="test_apex_backend.TestBilling" name="test_dev_mark_premium_year" time="0.157" /><testcase classname="test_apex_backend.TestBilling" name="test_premium_user_not_gated_in_coach" time="29.368" /><testcase classname="test_apex_backend.TestBilling" name="test_cancel_subscription" time="0.195" /><testcase classname="test_apex_backend.TestBilling" name="test_restore_purchases_active" time="0.156" /><testcase classname="test_apex_backend.TestBilling" name="test_restore_purchases_none" time="0.118" /></testsuite></testsuites>